<?xml version="1.0" encoding="UTF-8"?>
<!-- Generated by org.testng.reporters.JUnitReportReporter -->
<testsuite hostname="Kartikey" failures="0" tests="1" name="GetRequest.Auth" time="4.565" errors="0" timestamp="2025-02-05T15:01:24 IST" skipped="0">
  <testcase classname="GetRequest.Auth" name="test01" time="4.565"/>
  <system-out/>
</testsuite> <!-- GetRequest.Auth -->
